1513370530.682073 client started (10790): version 2.5, socket /private/tmp/tmux-501/default, protocol 8
1513370530.682185 on Darwin 17.3.0 Darwin Kernel Version 17.3.0: Thu Nov  9 18:09:22 PST 2017; root:xnu-4570.31.3~1/RELEASE_X86_64; libevent 2.1.8-stable (select)
1513370530.682271 socket is /private/tmp/tmux-501/default
1513370530.682317 trying connect
1513370530.682455 add peer 0x7f7f11849c00: 7 (0x0)
1513370530.700532 sending message 100 to peer 0x7f7f11849c00 (4 bytes)
1513370530.700582 sending message 101 to peer 0x7f7f11849c00 (16 bytes)
1513370530.700599 sending message 102 to peer 0x7f7f11849c00 (13 bytes)
1513370530.700614 sending message 108 to peer 0x7f7f11849c00 (59 bytes)
1513370530.700643 sending message 104 to peer 0x7f7f11849c00 (0 bytes)
1513370530.700657 sending message 107 to peer 0x7f7f11849c00 (4 bytes)
1513370530.700671 sending message 105 to peer 0x7f7f11849c00 (35 bytes)
1513370530.700685 sending message 105 to peer 0x7f7f11849c00 (23 bytes)
1513370530.700699 sending message 105 to peer 0x7f7f11849c00 (14 bytes)
1513370530.700712 sending message 105 to peer 0x7f7f11849c00 (43 bytes)
1513370530.700726 sending message 105 to peer 0x7f7f11849c00 (21 bytes)
1513370530.700740 sending message 105 to peer 0x7f7f11849c00 (16 bytes)
1513370530.700753 sending message 105 to peer 0x7f7f11849c00 (57 bytes)
1513370530.700767 sending message 105 to peer 0x7f7f11849c00 (49 bytes)
1513370530.700780 sending message 105 to peer 0x7f7f11849c00 (76 bytes)
1513370530.700794 sending message 105 to peer 0x7f7f11849c00 (27 bytes)
1513370530.700808 sending message 105 to peer 0x7f7f11849c00 (20 bytes)
1513370530.700821 sending message 105 to peer 0x7f7f11849c00 (60 bytes)
1513370530.700835 sending message 105 to peer 0x7f7f11849c00 (49 bytes)
1513370530.700848 sending message 105 to peer 0x7f7f11849c00 (11 bytes)
1513370530.700862 sending message 105 to peer 0x7f7f11849c00 (26 bytes)
1513370530.700876 sending message 105 to peer 0x7f7f11849c00 (20 bytes)
1513370530.700890 sending message 105 to peer 0x7f7f11849c00 (27 bytes)
1513370530.700903 sending message 105 to peer 0x7f7f11849c00 (66 bytes)
1513370530.700917 sending message 105 to peer 0x7f7f11849c00 (32 bytes)
1513370530.700931 sending message 105 to peer 0x7f7f11849c00 (42 bytes)
1513370530.700945 sending message 105 to peer 0x7f7f11849c00 (24 bytes)
1513370530.700958 sending message 105 to peer 0x7f7f11849c00 (649 bytes)
1513370530.700973 sending message 105 to peer 0x7f7f11849c00 (63 bytes)
1513370530.700986 sending message 105 to peer 0x7f7f11849c00 (11 bytes)
1513370530.701000 sending message 105 to peer 0x7f7f11849c00 (17 bytes)
1513370530.701014 sending message 105 to peer 0x7f7f11849c00 (22 bytes)
1513370530.701027 sending message 105 to peer 0x7f7f11849c00 (20 bytes)
1513370530.701041 sending message 105 to peer 0x7f7f11849c00 (14 bytes)
1513370530.701055 sending message 105 to peer 0x7f7f11849c00 (13 bytes)
1513370530.701068 sending message 105 to peer 0x7f7f11849c00 (22 bytes)
1513370530.701082 sending message 105 to peer 0x7f7f11849c00 (19 bytes)
1513370530.701095 sending message 105 to peer 0x7f7f11849c00 (28 bytes)
1513370530.701109 sending message 105 to peer 0x7f7f11849c00 (8 bytes)
1513370530.701123 sending message 105 to peer 0x7f7f11849c00 (18 bytes)
1513370530.701136 sending message 105 to peer 0x7f7f11849c00 (61 bytes)
1513370530.701150 sending message 105 to peer 0x7f7f11849c00 (14 bytes)
1513370530.701163 sending message 105 to peer 0x7f7f11849c00 (84 bytes)
1513370530.701177 sending message 105 to peer 0x7f7f11849c00 (52 bytes)
1513370530.701191 sending message 105 to peer 0x7f7f11849c00 (24 bytes)
1513370530.701204 sending message 105 to peer 0x7f7f11849c00 (17 bytes)
1513370530.701218 sending message 105 to peer 0x7f7f11849c00 (22 bytes)
1513370530.701232 sending message 105 to peer 0x7f7f11849c00 (17 bytes)
1513370530.701245 sending message 105 to peer 0x7f7f11849c00 (15 bytes)
1513370530.701259 sending message 106 to peer 0x7f7f11849c00 (0 bytes)
1513370530.701285 sending message 200 to peer 0x7f7f11849c00 (4 bytes)
1513370530.701304 client loop enter
1513370530.701796 peer 0x7f7f11849c00 message 211
1513370530.701843 peer 0x7f7f11849c00 message 203
1513370530.701861 client loop exit
